<?xml version="1.0" encoding="UTF-8"?>
<!-- Generated by org.testng.reporters.JUnitXMLReporter -->
<testsuite ignored="11" hostname="PS-L6" failures="1" tests="1" name="Default test" time="23.091" errors="0" timestamp="2025-07-03T22:22:54 IST">
  <testcase classname="com.paySecure.report.testngClass.transaction" name="validatetransactiondataWithCSV" time="6.447">
    <failure type="java.lang.AssertionError" message="Mismatch in Transaction ID at row:  expected [6862b2ff18bb226af2054ed0] but found [6865339f75777a6807dd2a50]">
      <![CDATA[java.lang.AssertionError: Mismatch in Transaction ID at row:  expected [6862b2ff18bb226af2054ed0] but found [6865339f75777a6807dd2a50]
at org.testng.Assert.fail(Assert.java:111)
at org.testng.Assert.failNotEquals(Assert.java:1590)
at org.testng.Assert.assertEqualsImpl(Assert.java:150)
at org.testng.Assert.assertEquals(Assert.java:132)
at org.testng.Assert.assertEquals(Assert.java:656)
at com.report.pomClasses.transaction_pomClasses.validateTransactiondataWithCSV(transaction_pomClasses.java:721)
at com.paySecure.report.testngClass.transaction.validatetransactiondataWithCSV(transaction.java:164)
at java.base/jdk.internal.reflect.DirectMethodHandleAccessor.invoke(DirectMethodHandleAccessor.java:103)
at java.base/java.lang.reflect.Method.invoke(Method.java:580)
at org.testng.internal.invokers.MethodInvocationHelper.invokeMethod(MethodInvocationHelper.java:141)
at org.testng.internal.invokers.TestInvoker.invokeMethod(TestInvoker.java:687)
at org.testng.internal.invokers.TestInvoker.invokeTestMethod(TestInvoker.java:230)
at org.testng.internal.invokers.MethodRunner.runInSequence(MethodRunner.java:63)
at org.testng.internal.invokers.TestInvoker$MethodInvocationAgent.invoke(TestInvoker.java:995)
at org.testng.internal.invokers.TestInvoker.invokeTestMethods(TestInvoker.java:203)
at org.testng.internal.invokers.TestMethodWorker.invokeTestMethods(TestMethodWorker.java:154)
at org.testng.internal.invokers.TestMethodWorker.run(TestMethodWorker.java:134)
at java.base/java.util.ArrayList.forEach(ArrayList.java:1596)
at org.testng.TestRunner.privateRun(TestRunner.java:741)
at org.testng.TestRunner.run(TestRunner.java:616)
at org.testng.SuiteRunner.runTest(SuiteRunner.java:421)
at org.testng.SuiteRunner.runSequentially(SuiteRunner.java:413)
at org.testng.SuiteRunner.privateRun(SuiteRunner.java:373)
at org.testng.SuiteRunner.run(SuiteRunner.java:312)
at org.testng.SuiteRunnerWorker.runSuite(SuiteRunnerWorker.java:52)
at org.testng.SuiteRunnerWorker.run(SuiteRunnerWorker.java:95)
at org.testng.TestNG.runSuitesSequentially(TestNG.java:1274)
at org.testng.TestNG.runSuitesLocally(TestNG.java:1208)
at org.testng.TestNG.runSuites(TestNG.java:1112)
at org.testng.TestNG.run(TestNG.java:1079)
at org.testng.remote.AbstractRemoteTestNG.run(AbstractRemoteTestNG.java:115)
at org.testng.remote.RemoteTestNG.initAndRun(RemoteTestNG.java:293)
at org.testng.remote.RemoteTestNG.main(RemoteTestNG.java:91)
]]>
    </failure>
  </testcase> <!-- validatetransactiondataWithCSV -->
  <testcase classname="com.paySecure.report.testngClass.transaction" name="selectDateRangeToAndFrom" time="0.0">
    <ignored/>
  </testcase> <!-- selectDateRangeToAndFrom -->
  <testcase classname="com.paySecure.report.testngClass.transaction" name="transactionUsingSelectMerchant" time="0.0">
    <ignored/>
  </testcase> <!-- transactionUsingSelectMerchant -->
  <testcase classname="com.paySecure.report.testngClass.transaction" name="selectTimeZoneAndVerify" time="0.0">
    <ignored/>
  </testcase> <!-- selectTimeZoneAndVerify -->
  <testcase classname="com.paySecure.report.testngClass.transaction" name="transactionUsingSelectBank" time="0.0">
    <ignored/>
  </testcase> <!-- transactionUsingSelectBank -->
  <testcase classname="com.paySecure.report.testngClass.transaction" name="transactionUsingSelectStatus" time="0.0">
    <ignored/>
  </testcase> <!-- transactionUsingSelectStatus -->
  <testcase classname="com.paySecure.report.testngClass.transaction" name="allActionOnTransactionPage" time="0.0">
    <ignored/>
  </testcase> <!-- allActionOnTransactionPage -->
  <testcase classname="com.paySecure.report.testngClass.transaction" name="selectDate" time="0.0">
    <ignored/>
  </testcase> <!-- selectDate -->
  <testcase classname="com.paySecure.report.testngClass.transaction" name="selectCurrency" time="0.0">
    <ignored/>
  </testcase> <!-- selectCurrency -->
  <testcase classname="com.paySecure.report.testngClass.transaction" name="status" time="0.0">
    <ignored/>
  </testcase> <!-- status -->
  <testcase classname="com.paySecure.report.testngClass.transaction" name="selectMIDBasedOnBank" time="0.0">
    <ignored/>
  </testcase> <!-- selectMIDBasedOnBank -->
  <testcase classname="com.paySecure.report.testngClass.transaction" name="endToEndFlowOfTransaction" time="0.0">
    <ignored/>
  </testcase> <!-- endToEndFlowOfTransaction -->
</testsuite> <!-- Default test -->
