<?xml version="1.0" encoding="UTF-8"?>
<!-- Generated by org.testng.reporters.JUnitXMLReporter -->
<testsuite ignored="11" hostname="PS-L6" failures="0" tests="1" name="Default test" time="26.713" errors="0" timestamp="2025-07-03T19:34:39 IST">
  <testcase classname="com.paySecure.report.testngClass.transaction" name="transactionUsingSelectMerchant" time="9.76"/>
  <testcase classname="com.paySecure.report.testngClass.transaction" name="selectTimeZoneAndVerify" time="0.0">
    <ignored/>
  </testcase> <!-- selectTimeZoneAndVerify -->
  <testcase classname="com.paySecure.report.testngClass.transaction" name="transactionUsingSelectBank" time="0.0">
    <ignored/>
  </testcase> <!-- transactionUsingSelectBank -->
  <testcase classname="com.paySecure.report.testngClass.transaction" name="selectDateRangeToAndFrom" time="0.0">
    <ignored/>
  </testcase> <!-- selectDateRangeToAndFrom -->
  <testcase classname="com.paySecure.report.testngClass.transaction" name="transactionUsingSelectStatus" time="0.0">
    <ignored/>
  </testcase> <!-- transactionUsingSelectStatus -->
  <testcase classname="com.paySecure.report.testngClass.transaction" name="endToEndFlowOfTransaction" time="0.0">
    <ignored/>
  </testcase> <!-- endToEndFlowOfTransaction -->
  <testcase classname="com.paySecure.report.testngClass.transaction" name="validatetransactiondataWithCSV" time="0.0">
    <ignored/>
  </testcase> <!-- validatetransactiondataWithCSV -->
  <testcase classname="com.paySecure.report.testngClass.transaction" name="selectDate" time="0.0">
    <ignored/>
  </testcase> <!-- selectDate -->
  <testcase classname="com.paySecure.report.testngClass.transaction" name="allActionOnTransactionPage" time="0.0">
    <ignored/>
  </testcase> <!-- allActionOnTransactionPage -->
  <testcase classname="com.paySecure.report.testngClass.transaction" name="selectCurrency" time="0.0">
    <ignored/>
  </testcase> <!-- selectCurrency -->
  <testcase classname="com.paySecure.report.testngClass.transaction" name="selectMIDBasedOnBank" time="0.0">
    <ignored/>
  </testcase> <!-- selectMIDBasedOnBank -->
  <testcase classname="com.paySecure.report.testngClass.transaction" name="status" time="0.0">
    <ignored/>
  </testcase> <!-- status -->
</testsuite> <!-- Default test -->
