<?xml version="1.0" encoding="UTF-8"?>
<testng-results ignored="11" total="12" passed="1" failed="0" skipped="0">
  <reporter-output>
    <line>
      <![CDATA[Click on Report Module]]>
    </line>
    <line>
      <![CDATA[Click on Transaction Sub Module]]>
    </line>
    <line>
      <![CDATA[click on the select merchant filed]]>
    </line>
    <line>
      <![CDATA[Enter merchant name in a search merchant functioanlity]]>
    </line>
    <line>
      <![CDATA[select merchant from all merchnat]]>
    </line>
    <line>
      <![CDATA[click on the search button ]]>
    </line>
    <line>
      <![CDATA[After filtering no records are found]]>
    </line>
  </reporter-output>
  <suite started-at="2025-07-03T19:34:13 IST" name="Default suite" finished-at="2025-07-03T19:34:39 IST" duration-ms="26713">
    <groups>
    </groups>
    <test started-at="2025-07-03T19:34:13 IST" name="Default test" finished-at="2025-07-03T19:34:39 IST" duration-ms="26713">
      <class name="com.paySecure.report.testngClass.transaction">
        <test-method is-config="true" signature="setUp()[pri:0, instance:com.paySecure.report.testngClass.transaction@3b6d844d]" started-at="2025-07-03T19:34:13 IST" name="setUp" finished-at="2025-07-03T19:34:30 IST" duration-ms="16639" status="PASS">
          <reporter-output>
            <line>
              <![CDATA[Click on Report Module]]>
            </line>
            <line>
              <![CDATA[Click on Transaction Sub Module]]>
            </line>
          </reporter-output>
        </test-method> <!-- setUp -->
        <test-method signature="transactionUsingSelectMerchant()[pri:0, instance:com.paySecure.report.testngClass.transaction@3b6d844d]" started-at="2025-07-03T19:34:30 IST" name="transactionUsingSelectMerchant" finished-at="2025-07-03T19:34:39 IST" duration-ms="9760" status="PASS">
          <reporter-output>
            <line>
              <![CDATA[click on the select merchant filed]]>
            </line>
            <line>
              <![CDATA[Enter merchant name in a search merchant functioanlity]]>
            </line>
            <line>
              <![CDATA[select merchant from all merchnat]]>
            </line>
            <line>
              <![CDATA[click on the search button ]]>
            </line>
            <line>
              <![CDATA[After filtering no records are found]]>
            </line>
          </reporter-output>
        </test-method> <!-- transactionUsingSelectMerchant -->
        <test-method is-config="true" signature="failurMethod(org.testng.ITestResult)[pri:0, instance:com.paySecure.report.testngClass.transaction@3b6d844d]" started-at="2025-07-03T19:34:39 IST" name="failurMethod" finished-at="2025-07-03T19:34:39 IST" duration-ms="7" status="PASS">
          <params>
            <param index="0">
              <value>
                <![CDATA[[TestResult name=transactionUsingSelectMerchant status=SUCCESS method=transaction.transactionUsingSelectMerchant()[pri:0, instance:com.paySecure.report.testngClass.transaction@3b6d844d] output=click on the select merchant filed]]]>
              </value>
            </param>
          </params>
          <reporter-output>
          </reporter-output>
        </test-method> <!-- failurMethod -->
      </class> <!-- com.paySecure.report.testngClass.transaction -->
    </test> <!-- Default test -->
  </suite> <!-- Default suite -->
</testng-results>
