<?xml version="1.0" encoding="UTF-8"?>
<testng-results ignored="0" total="1" passed="1" failed="0" skipped="0">
  <reporter-output>
    <line>
      <![CDATA[click on all merchants]]>
    </line>
    <line>
      <![CDATA[search merchants from all merchants]]>
    </line>
    <line>
      <![CDATA[click on the all merchants]]>
    </line>
    <line>
      <![CDATA[click on total USD]]>
    </line>
    <line>
      <![CDATA[search merchants from all merchants]]>
    </line>
    <line>
      <![CDATA[click on the all merchants]]>
    </line>
    <line>
      <![CDATA[click on Today filter]]>
    </line>
    <line>
      <![CDATA[click on Today count]]>
    </line>
    <line>
      <![CDATA[click on Monthly]]>
    </line>
  </reporter-output>
  <suite started-at="2025-06-25T22:48:37 IST" name="Default suite" finished-at="2025-06-25T22:49:14 IST" duration-ms="36661">
    <groups>
    </groups>
    <test started-at="2025-06-25T22:48:37 IST" name="Default test" finished-at="2025-06-25T22:49:14 IST" duration-ms="36661">
      <class name="com.paySecure.testngClass.payoutDashboard">
        <test-method is-config="true" signature="setUp()[pri:0, instance:com.paySecure.testngClass.payoutDashboard@22ff4249]" started-at="2025-06-25T22:48:37 IST" name="setUp" finished-at="2025-06-25T22:48:53 IST" duration-ms="15275" status="PASS">
          <reporter-output>
          </reporter-output>
        </test-method> <!-- setUp -->
        <test-method signature="verifyUserIsOnPayoutDashBoard()[pri:0, instance:com.paySecure.testngClass.payoutDashboard@22ff4249]" started-at="2025-06-25T22:48:53 IST" name="verifyUserIsOnPayoutDashBoard" finished-at="2025-06-25T22:49:14 IST" duration-ms="21295" status="PASS">
          <reporter-output>
            <line>
              <![CDATA[click on all merchants]]>
            </line>
            <line>
              <![CDATA[search merchants from all merchants]]>
            </line>
            <line>
              <![CDATA[click on the all merchants]]>
            </line>
            <line>
              <![CDATA[click on total USD]]>
            </line>
            <line>
              <![CDATA[search merchants from all merchants]]>
            </line>
            <line>
              <![CDATA[click on the all merchants]]>
            </line>
            <line>
              <![CDATA[click on Today filter]]>
            </line>
            <line>
              <![CDATA[click on Today count]]>
            </line>
            <line>
              <![CDATA[click on Monthly]]>
            </line>
          </reporter-output>
        </test-method> <!-- verifyUserIsOnPayoutDashBoard -->
        <test-method is-config="true" signature="failurMethod(org.testng.ITestResult)[pri:0, instance:com.paySecure.testngClass.payoutDashboard@22ff4249]" started-at="2025-06-25T22:49:14 IST" name="failurMethod" finished-at="2025-06-25T22:49:14 IST" duration-ms="7" status="PASS">
          <params>
            <param index="0">
              <value>
                <![CDATA[[TestResult name=verifyUserIsOnPayoutDashBoard status=SUCCESS method=payoutDashboard.verifyUserIsOnPayoutDashBoard()[pri:0, instance:com.paySecure.testngClass.payoutDashboard@22ff4249] output=click on all merchants]]]>
              </value>
            </param>
          </params>
          <reporter-output>
          </reporter-output>
        </test-method> <!-- failurMethod -->
      </class> <!-- com.paySecure.testngClass.payoutDashboard -->
    </test> <!-- Default test -->
  </suite> <!-- Default suite -->
</testng-results>
